# project  configured on Tue Aug 18 16:01:24 2015 by
# waf 1.7.11 (abi 98, python 20706f0 on darwin)
# using /usr/local/Cellar/pebble-sdk/3.2.1/Pebble/waf configure
#
----------------------------------------
Setting top to
/Users/Turner/pebble-dev/PebbleSDK-3.2.1/Projects/square
----------------------------------------
Setting out to
/Users/Turner/pebble-dev/PebbleSDK-3.2.1/Projects/square/build
----------------------------------------
Found Pebble SDK for basalt in:
/usr/local/Cellar/pebble-sdk/3.2.1/Pebble/basalt
----------------------------------------
Checking for program gcc,cc
arm-none-eabi-gcc
find program=['gcc', 'cc'] paths='' var='CC' -> 'arm-none-eabi-gcc'
----------------------------------------
Checking for program ar
arm-none-eabi-ar
find program=['ar'] paths='' var='AR' -> 'arm-none-eabi-ar'
----------------------------------------
Found Pebble SDK for aplite in:
/usr/local/Cellar/pebble-sdk/3.2.1/Pebble/aplite
----------------------------------------
Checking for program gcc,cc
arm-none-eabi-gcc
find program=['gcc', 'cc'] paths='' var='CC' -> 'arm-none-eabi-gcc'
----------------------------------------
Checking for program ar
arm-none-eabi-ar
find program=['ar'] paths='' var='AR' -> 'arm-none-eabi-ar'
